app/build/intermediates/manifest_merge_blame_file/debug/manifest-merger-blame-debug-report.txt
1<?xml version="1.0" encoding="utf-8"?>
2<manifest xmlns:android="http://schemas.android.com/apk/res/android"
3    package="com.alarmify.meetings"
4    android:versionCode="1"
5    android:versionName="1.0" >
6
7    <uses-sdk
8        android:minSdkVersion="26"
9        android:targetSdkVersion="34" />
10
11    <uses-permission android:name="android.permission.INTERNET" />
11-->src\main\AndroidManifest.xml:4:5-67
11-->src\main\AndroidManifest.xml:4:22-64
12    <uses-permission android:name="android.permission.READ_CALENDAR" />
12-->src\main\AndroidManifest.xml:5:5-72
12-->src\main\AndroidManifest.xml:5:22-69
13    <uses-permission android:name="android.permission.WRITE_CALENDAR" />
13-->src\main\AndroidManifest.xml:6:5-73
13-->src\main\AndroidManifest.xml:6:22-70
14    <uses-permission android:name="android.permission.SCHEDULE_EXACT_ALARM" />
14-->src\main\AndroidManifest.xml:7:5-79
14-->src\main\AndroidManifest.xml:7:22-76
15    <uses-permission android:name="android.permission.USE_EXACT_ALARM" />
15-->src\main\AndroidManifest.xml:8:5-74
15-->src\main\AndroidManifest.xml:8:22-71
16    <uses-permission android:name="android.permission.POST_NOTIFICATIONS" />
16-->src\main\AndroidManifest.xml:9:5-77
16-->src\main\AndroidManifest.xml:9:22-74
17    <uses-permission android:name="android.permission.VIBRATE" />
17-->src\main\AndroidManifest.xml:10:5-66
17-->src\main\AndroidManifest.xml:10:22-63
18    <uses-permission android:name="android.permission.WAKE_LOCK" />
18-->src\main\AndroidManifest.xml:11:5-68
18-->src\main\AndroidManifest.xml:11:22-65
19    <uses-permission android:name="android.permission.RECEIVE_BOOT_COMPLETED" />
19-->src\main\AndroidManifest.xml:12:5-81
19-->src\main\AndroidManifest.xml:12:22-78
20    <uses-permission android:name="android.permission.USE_FULL_SCREEN_INTENT" />
20-->src\main\AndroidManifest.xml:13:5-81
20-->src\main\AndroidManifest.xml:13:22-78
21    <uses-permission android:name="android.permission.ACCESS_NETWORK_STATE" />
21-->[androidx.work:work-runtime:2.9.0] AndroidManifest.xml:24:5-79
21-->[androidx.work:work-runtime:2.9.0] AndroidManifest.xml:24:22-76
22    <uses-permission android:name="android.permission.FOREGROUND_SERVICE" />
22-->[androidx.work:work-runtime:2.9.0] AndroidManifest.xml:26:5-77
22-->[androidx.work:work-runtime:2.9.0] AndroidManifest.xml:26:22-74
23
24    <permission
24-->[androidx.core:core:1.12.0] AndroidManifest.xml:22:5-24:47
25        android:name="com.alarmify.meetings.DYNAMIC_RECEIVER_NOT_EXPORTED_PERMISSION"
25-->[androidx.core:core:1.12.0] AndroidManifest.xml:23:9-81
26        android:protectionLevel="signature" />
26-->[androidx.core:core:1.12.0] AndroidManifest.xml:24:9-44
27
28    <uses-permission android:name="com.alarmify.meetings.DYNAMIC_RECEIVER_NOT_EXPORTED_PERMISSION" />
28-->[androidx.core:core:1.12.0] AndroidManifest.xml:26:5-97
28-->[androidx.core:core:1.12.0] AndroidManifest.xml:26:22-94
29
30    <application
30-->src\main\AndroidManifest.xml:15:5-81:19
31        android:name="com.alarmify.meetings.MeetingAlarmApplication"
31-->src\main\AndroidManifest.xml:16:9-48
32        android:allowBackup="true"
32-->src\main\AndroidManifest.xml:17:9-35
33        android:appComponentFactory="androidx.core.app.CoreComponentFactory"
33-->[androidx.core:core:1.12.0] AndroidManifest.xml:28:18-86
34        android:debuggable="true"
35        android:extractNativeLibs="false"
36        android:icon="@mipmap/ic_launcher"
36-->src\main\AndroidManifest.xml:18:9-43
37        android:label="@string/app_name"
37-->src\main\AndroidManifest.xml:19:9-41
38        android:roundIcon="@mipmap/ic_launcher_round"
38-->src\main\AndroidManifest.xml:20:9-54
39        android:supportsRtl="true"
39-->src\main\AndroidManifest.xml:21:9-35
40        android:theme="@style/Theme.MeetingAlarm" >
40-->src\main\AndroidManifest.xml:22:9-50
41
42        <!-- Splash Activity -->
43        <activity
43-->src\main\AndroidManifest.xml:25:9-33:20
44            android:name="com.alarmify.meetings.ui.splash.SplashActivity"
44-->src\main\AndroidManifest.xml:26:13-53
45            android:exported="true"
45-->src\main\AndroidManifest.xml:27:13-36
46            android:theme="@style/Theme.MeetingAlarm.Splash" >
46-->src\main\AndroidManifest.xml:28:13-61
47            <intent-filter>
47-->src\main\AndroidManifest.xml:29:13-32:29
48                <action android:name="android.intent.action.MAIN" />
48-->src\main\AndroidManifest.xml:30:17-69
48-->src\main\AndroidManifest.xml:30:25-66
49
50                <category android:name="android.intent.category.LAUNCHER" />
50-->src\main\AndroidManifest.xml:31:17-77
50-->src\main\AndroidManifest.xml:31:27-74
51            </intent-filter>
52        </activity>
53
54        <!-- Sign In Activity -->
55        <activity
55-->src\main\AndroidManifest.xml:36:9-39:57
56            android:name="com.alarmify.meetings.ui.auth.SignInActivity"
56-->src\main\AndroidManifest.xml:37:13-51
57            android:exported="false"
57-->src\main\AndroidManifest.xml:38:13-37
58            android:theme="@style/Theme.MeetingAlarm" />
58-->src\main\AndroidManifest.xml:39:13-54
59
60        <!-- Main Activity -->
61        <activity
61-->src\main\AndroidManifest.xml:42:9-45:57
62            android:name="com.alarmify.meetings.ui.main.MainActivity"
62-->src\main\AndroidManifest.xml:43:13-49
63            android:exported="false"
63-->src\main\AndroidManifest.xml:44:13-37
64            android:theme="@style/Theme.MeetingAlarm" />
64-->src\main\AndroidManifest.xml:45:13-54
65
66        <!-- Alarm Notification Activity -->
67        <activity
67-->src\main\AndroidManifest.xml:48:9-53:69
68            android:name="com.alarmify.meetings.ui.alarm.AlarmNotificationActivity"
68-->src\main\AndroidManifest.xml:49:13-63
69            android:exported="false"
69-->src\main\AndroidManifest.xml:50:13-37
70            android:showOnLockScreen="true"
70-->src\main\AndroidManifest.xml:51:13-44
71            android:theme="@style/Theme.MeetingAlarm.AlarmScreen"
71-->src\main\AndroidManifest.xml:53:13-66
72            android:turnScreenOn="true" />
72-->src\main\AndroidManifest.xml:52:13-40
73
74        <!-- Alarm Receiver -->
75        <receiver
75-->src\main\AndroidManifest.xml:56:9-63:20
76            android:name="com.alarmify.meetings.alarm.AlarmReceiver"
76-->src\main\AndroidManifest.xml:57:13-48
77            android:enabled="true"
77-->src\main\AndroidManifest.xml:58:13-35
78            android:exported="false" >
78-->src\main\AndroidManifest.xml:59:13-37
79            <intent-filter>
79-->src\main\AndroidManifest.xml:60:13-62:29
80                <action android:name="com.alarmify.meetings.ALARM_TRIGGER" />
80-->src\main\AndroidManifest.xml:61:17-78
80-->src\main\AndroidManifest.xml:61:25-75
81            </intent-filter>
82        </receiver>
83
84        <!-- Boot Receiver -->
85        <receiver
85-->src\main\AndroidManifest.xml:66:9-73:20
86            android:name="com.alarmify.meetings.alarm.BootReceiver"
86-->src\main\AndroidManifest.xml:67:13-47
87            android:enabled="true"
87-->src\main\AndroidManifest.xml:68:13-35
88            android:exported="true" >
88-->src\main\AndroidManifest.xml:69:13-36
89            <intent-filter>
89-->src\main\AndroidManifest.xml:70:13-72:29
90                <action android:name="android.intent.action.BOOT_COMPLETED" />
90-->src\main\AndroidManifest.xml:71:17-79
90-->src\main\AndroidManifest.xml:71:25-76
91            </intent-filter>
92        </receiver>
93
94        <!-- Alarm Service -->
95        <service
95-->src\main\AndroidManifest.xml:76:9-79:40
96            android:name="com.alarmify.meetings.alarm.AlarmService"
96-->src\main\AndroidManifest.xml:77:13-47
97            android:enabled="true"
97-->src\main\AndroidManifest.xml:78:13-35
98            android:exported="false" />
98-->src\main\AndroidManifest.xml:79:13-37
99
100        <provider
100-->[androidx.emoji2:emoji2:1.2.0] AndroidManifest.xml:24:9-32:20
101            android:name="androidx.startup.InitializationProvider"
101-->[androidx.emoji2:emoji2:1.2.0] AndroidManifest.xml:25:13-67
102            android:authorities="com.alarmify.meetings.androidx-startup"
102-->[androidx.emoji2:emoji2:1.2.0] AndroidManifest.xml:26:13-68
103            android:exported="false" >
103-->[androidx.emoji2:emoji2:1.2.0] AndroidManifest.xml:27:13-37
104            <meta-data
104-->[androidx.emoji2:emoji2:1.2.0] AndroidManifest.xml:29:13-31:52
105                android:name="androidx.emoji2.text.EmojiCompatInitializer"
105-->[androidx.emoji2:emoji2:1.2.0] AndroidManifest.xml:30:17-75
106                android:value="androidx.startup" />
106-->[androidx.emoji2:emoji2:1.2.0] AndroidManifest.xml:31:17-49
107            <meta-data
107-->[androidx.work:work-runtime:2.9.0] AndroidManifest.xml:34:13-36:52
108                android:name="androidx.work.WorkManagerInitializer"
108-->[androidx.work:work-runtime:2.9.0] AndroidManifest.xml:35:17-68
109                android:value="androidx.startup" />
109-->[androidx.work:work-runtime:2.9.0] AndroidManifest.xml:36:17-49
110            <meta-data
110-->[androidx.lifecycle:lifecycle-process:2.7.0] AndroidManifest.xml:29:13-31:52
111                android:name="androidx.lifecycle.ProcessLifecycleInitializer"
111-->[androidx.lifecycle:lifecycle-process:2.7.0] AndroidManifest.xml:30:17-78
112                android:value="androidx.startup" />
112-->[androidx.lifecycle:lifecycle-process:2.7.0] AndroidManifest.xml:31:17-49
113            <meta-data
113-->[androidx.profileinstaller:profileinstaller:1.3.0] AndroidManifest.xml:29:13-31:52
114                android:name="androidx.profileinstaller.ProfileInstallerInitializer"
114-->[androidx.profileinstaller:profileinstaller:1.3.0] AndroidManifest.xml:30:17-85
115                android:value="androidx.startup" />
115-->[androidx.profileinstaller:profileinstaller:1.3.0] AndroidManifest.xml:31:17-49
116        </provider>
117
118        <activity
118-->[com.google.android.gms:play-services-auth:20.7.0] AndroidManifest.xml:23:9-27:75
119            android:name="com.google.android.gms.auth.api.signin.internal.SignInHubActivity"
119-->[com.google.android.gms:play-services-auth:20.7.0] AndroidManifest.xml:24:13-93
120            android:excludeFromRecents="true"
120-->[com.google.android.gms:play-services-auth:20.7.0] AndroidManifest.xml:25:13-46
121            android:exported="false"
121-->[com.google.android.gms:play-services-auth:20.7.0] AndroidManifest.xml:26:13-37
122            android:theme="@android:style/Theme.Translucent.NoTitleBar" />
122-->[com.google.android.gms:play-services-auth:20.7.0] AndroidManifest.xml:27:13-72
123        <!--
124            Service handling Google Sign-In user revocation. For apps that do not integrate with
125            Google Sign-In, this service will never be started.
126        -->
127        <service
127-->[com.google.android.gms:play-services-auth:20.7.0] AndroidManifest.xml:33:9-37:51
128            android:name="com.google.android.gms.auth.api.signin.RevocationBoundService"
128-->[com.google.android.gms:play-services-auth:20.7.0] AndroidManifest.xml:34:13-89
129            android:exported="true"
129-->[com.google.android.gms:play-services-auth:20.7.0] AndroidManifest.xml:35:13-36
130            android:permission="com.google.android.gms.auth.api.signin.permission.REVOCATION_NOTIFICATION"
130-->[com.google.android.gms:play-services-auth:20.7.0] AndroidManifest.xml:36:13-107
131            android:visibleToInstantApps="true" />
131-->[com.google.android.gms:play-services-auth:20.7.0] AndroidManifest.xml:37:13-48
132
133        <activity
133-->[com.google.android.gms:play-services-base:18.0.1] AndroidManifest.xml:20:9-22:45
134            android:name="com.google.android.gms.common.api.GoogleApiActivity"
134-->[com.google.android.gms:play-services-base:18.0.1] AndroidManifest.xml:20:19-85
135            android:exported="false"
135-->[com.google.android.gms:play-services-base:18.0.1] AndroidManifest.xml:22:19-43
136            android:theme="@android:style/Theme.Translucent.NoTitleBar" />
136-->[com.google.android.gms:play-services-base:18.0.1] AndroidManifest.xml:21:19-78
137
138        <meta-data
138-->[com.google.android.gms:play-services-basement:18.2.0] AndroidManifest.xml:21:9-23:69
139            android:name="com.google.android.gms.version"
139-->[com.google.android.gms:play-services-basement:18.2.0] AndroidManifest.xml:22:13-58
140            android:value="@integer/google_play_services_version" />
140-->[com.google.android.gms:play-services-basement:18.2.0] AndroidManifest.xml:23:13-66
141
142        <service
142-->[androidx.work:work-runtime:2.9.0] AndroidManifest.xml:39:9-45:35
143            android:name="androidx.work.impl.background.systemalarm.SystemAlarmService"
143-->[androidx.work:work-runtime:2.9.0] AndroidManifest.xml:40:13-88
144            android:directBootAware="false"
144-->[androidx.work:work-runtime:2.9.0] AndroidManifest.xml:41:13-44
145            android:enabled="@bool/enable_system_alarm_service_default"
145-->[androidx.work:work-runtime:2.9.0] AndroidManifest.xml:42:13-72
146            android:exported="false" />
146-->[androidx.work:work-runtime:2.9.0] AndroidManifest.xml:43:13-37
147        <service
147-->[androidx.work:work-runtime:2.9.0] AndroidManifest.xml:46:9-52:35
148            android:name="androidx.work.impl.background.systemjob.SystemJobService"
148-->[androidx.work:work-runtime:2.9.0] AndroidManifest.xml:47:13-84
149            android:directBootAware="false"
149-->[androidx.work:work-runtime:2.9.0] AndroidManifest.xml:48:13-44
150            android:enabled="@bool/enable_system_job_service_default"
150-->[androidx.work:work-runtime:2.9.0] AndroidManifest.xml:49:13-70
151            android:exported="true"
151-->[androidx.work:work-runtime:2.9.0] AndroidManifest.xml:50:13-36
152            android:permission="android.permission.BIND_JOB_SERVICE" />
152-->[androidx.work:work-runtime:2.9.0] AndroidManifest.xml:51:13-69
153        <service
153-->[androidx.work:work-runtime:2.9.0] AndroidManifest.xml:53:9-59:35
154            android:name="androidx.work.impl.foreground.SystemForegroundService"
154-->[androidx.work:work-runtime:2.9.0] AndroidManifest.xml:54:13-81
155            android:directBootAware="false"
155-->[androidx.work:work-runtime:2.9.0] AndroidManifest.xml:55:13-44
156            android:enabled="@bool/enable_system_foreground_service_default"
156-->[androidx.work:work-runtime:2.9.0] AndroidManifest.xml:56:13-77
157            android:exported="false" />
157-->[androidx.work:work-runtime:2.9.0] AndroidManifest.xml:57:13-37
158
159        <receiver
159-->[androidx.work:work-runtime:2.9.0] AndroidManifest.xml:61:9-66:35
160            android:name="androidx.work.impl.utils.ForceStopRunnable$BroadcastReceiver"
160-->[androidx.work:work-runtime:2.9.0] AndroidManifest.xml:62:13-88
161            android:directBootAware="false"
161-->[androidx.work:work-runtime:2.9.0] AndroidManifest.xml:63:13-44
162            android:enabled="true"
162-->[androidx.work:work-runtime:2.9.0] AndroidManifest.xml:64:13-35
163            android:exported="false" />
163-->[androidx.work:work-runtime:2.9.0] AndroidManifest.xml:65:13-37
164        <receiver
164-->[androidx.work:work-runtime:2.9.0] AndroidManifest.xml:67:9-77:20
165            android:name="androidx.work.impl.background.systemalarm.ConstraintProxy$BatteryChargingProxy"
165-->[androidx.work:work-runtime:2.9.0] AndroidManifest.xml:68:13-106
166            android:directBootAware="false"
166-->[androidx.work:work-runtime:2.9.0] AndroidManifest.xml:69:13-44
167            android:enabled="false"
167-->[androidx.work:work-runtime:2.9.0] AndroidManifest.xml:70:13-36
168            android:exported="false" >
168-->[androidx.work:work-runtime:2.9.0] AndroidManifest.xml:71:13-37
169            <intent-filter>
169-->[androidx.work:work-runtime:2.9.0] AndroidManifest.xml:73:13-76:29
170                <action android:name="android.intent.action.ACTION_POWER_CONNECTED" />
170-->[androidx.work:work-runtime:2.9.0] AndroidManifest.xml:74:17-87
170-->[androidx.work:work-runtime:2.9.0] AndroidManifest.xml:74:25-84
171                <action android:name="android.intent.action.ACTION_POWER_DISCONNECTED" />
171-->[androidx.work:work-runtime:2.9.0] AndroidManifest.xml:75:17-90
171-->[androidx.work:work-runtime:2.9.0] AndroidManifest.xml:75:25-87
172            </intent-filter>
173        </receiver>
174        <receiver
174-->[androidx.work:work-runtime:2.9.0] AndroidManifest.xml:78:9-88:20
175            android:name="androidx.work.impl.background.systemalarm.ConstraintProxy$BatteryNotLowProxy"
175-->[androidx.work:work-runtime:2.9.0] AndroidManifest.xml:79:13-104
176            android:directBootAware="false"
176-->[androidx.work:work-runtime:2.9.0] AndroidManifest.xml:80:13-44
177            android:enabled="false"
177-->[androidx.work:work-runtime:2.9.0] AndroidManifest.xml:81:13-36
178            android:exported="false" >
178-->[androidx.work:work-runtime:2.9.0] AndroidManifest.xml:82:13-37
179            <intent-filter>
179-->[androidx.work:work-runtime:2.9.0] AndroidManifest.xml:84:13-87:29
180                <action android:name="android.intent.action.BATTERY_OKAY" />
180-->[androidx.work:work-runtime:2.9.0] AndroidManifest.xml:85:17-77
180-->[androidx.work:work-runtime:2.9.0] AndroidManifest.xml:85:25-74
181                <action android:name="android.intent.action.BATTERY_LOW" />
181-->[androidx.work:work-runtime:2.9.0] AndroidManifest.xml:86:17-76
181-->[androidx.work:work-runtime:2.9.0] AndroidManifest.xml:86:25-73
182            </intent-filter>
183        </receiver>
184        <receiver
184-->[androidx.work:work-runtime:2.9.0] AndroidManifest.xml:89:9-99:20
185            android:name="androidx.work.impl.background.systemalarm.ConstraintProxy$StorageNotLowProxy"
185-->[androidx.work:work-runtime:2.9.0] AndroidManifest.xml:90:13-104
186            android:directBootAware="false"
186-->[androidx.work:work-runtime:2.9.0] AndroidManifest.xml:91:13-44
187            android:enabled="false"
187-->[androidx.work:work-runtime:2.9.0] AndroidManifest.xml:92:13-36
188            android:exported="false" >
188-->[androidx.work:work-runtime:2.9.0] AndroidManifest.xml:93:13-37
189            <intent-filter>
189-->[androidx.work:work-runtime:2.9.0] AndroidManifest.xml:95:13-98:29
190                <action android:name="android.intent.action.DEVICE_STORAGE_LOW" />
190-->[androidx.work:work-runtime:2.9.0] AndroidManifest.xml:96:17-83
190-->[androidx.work:work-runtime:2.9.0] AndroidManifest.xml:96:25-80
191                <action android:name="android.intent.action.DEVICE_STORAGE_OK" />
191-->[androidx.work:work-runtime:2.9.0] AndroidManifest.xml:97:17-82
191-->[androidx.work:work-runtime:2.9.0] AndroidManifest.xml:97:25-79
192            </intent-filter>
193        </receiver>
194        <receiver
194-->[androidx.work:work-runtime:2.9.0] AndroidManifest.xml:100:9-109:20
195            android:name="androidx.work.impl.background.systemalarm.ConstraintProxy$NetworkStateProxy"
195-->[androidx.work:work-runtime:2.9.0] AndroidManifest.xml:101:13-103
196            android:directBootAware="false"
196-->[androidx.work:work-runtime:2.9.0] AndroidManifest.xml:102:13-44
197            android:enabled="false"
197-->[androidx.work:work-runtime:2.9.0] AndroidManifest.xml:103:13-36
198            android:exported="false" >
198-->[androidx.work:work-runtime:2.9.0] AndroidManifest.xml:104:13-37
199            <intent-filter>
199-->[androidx.work:work-runtime:2.9.0] AndroidManifest.xml:106:13-108:29
200                <action android:name="android.net.conn.CONNECTIVITY_CHANGE" />
200-->[androidx.work:work-runtime:2.9.0] AndroidManifest.xml:107:17-79
200-->[androidx.work:work-runtime:2.9.0] AndroidManifest.xml:107:25-76
201            </intent-filter>
202        </receiver>
203        <receiver
203-->[androidx.work:work-runtime:2.9.0] AndroidManifest.xml:110:9-121:20
204            android:name="androidx.work.impl.background.systemalarm.RescheduleReceiver"
204-->[androidx.work:work-runtime:2.9.0] AndroidManifest.xml:111:13-88
205            android:directBootAware="false"
205-->[androidx.work:work-runtime:2.9.0] AndroidManifest.xml:112:13-44
206            android:enabled="false"
206-->[androidx.work:work-runtime:2.9.0] AndroidManifest.xml:113:13-36
207            android:exported="false" >
207-->[androidx.work:work-runtime:2.9.0] AndroidManifest.xml:114:13-37
208            <intent-filter>
208-->[androidx.work:work-runtime:2.9.0] AndroidManifest.xml:116:13-120:29
209                <action android:name="android.intent.action.BOOT_COMPLETED" />
209-->src\main\AndroidManifest.xml:71:17-79
209-->src\main\AndroidManifest.xml:71:25-76
210                <action android:name="android.intent.action.TIME_SET" />
210-->[androidx.work:work-runtime:2.9.0] AndroidManifest.xml:118:17-73
210-->[androidx.work:work-runtime:2.9.0] AndroidManifest.xml:118:25-70
211                <action android:name="android.intent.action.TIMEZONE_CHANGED" />
211-->[androidx.work:work-runtime:2.9.0] AndroidManifest.xml:119:17-81
211-->[androidx.work:work-runtime:2.9.0] AndroidManifest.xml:119:25-78
212            </intent-filter>
213        </receiver>
214        <receiver
214-->[androidx.work:work-runtime:2.9.0] AndroidManifest.xml:122:9-131:20
215            android:name="androidx.work.impl.background.systemalarm.ConstraintProxyUpdateReceiver"
215-->[androidx.work:work-runtime:2.9.0] AndroidManifest.xml:123:13-99
216            android:directBootAware="false"
216-->[androidx.work:work-runtime:2.9.0] AndroidManifest.xml:124:13-44
217            android:enabled="@bool/enable_system_alarm_service_default"
217-->[androidx.work:work-runtime:2.9.0] AndroidManifest.xml:125:13-72
218            android:exported="false" >
218-->[androidx.work:work-runtime:2.9.0] AndroidManifest.xml:126:13-37
219            <intent-filter>
219-->[androidx.work:work-runtime:2.9.0] AndroidManifest.xml:128:13-130:29
220                <action android:name="androidx.work.impl.background.systemalarm.UpdateProxies" />
220-->[androidx.work:work-runtime:2.9.0] AndroidManifest.xml:129:17-98
220-->[androidx.work:work-runtime:2.9.0] AndroidManifest.xml:129:25-95
221            </intent-filter>
222        </receiver>
223        <receiver
223-->[androidx.work:work-runtime:2.9.0] AndroidManifest.xml:132:9-142:20
224            android:name="androidx.work.impl.diagnostics.DiagnosticsReceiver"
224-->[androidx.work:work-runtime:2.9.0] AndroidManifest.xml:133:13-78
225            android:directBootAware="false"
225-->[androidx.work:work-runtime:2.9.0] AndroidManifest.xml:134:13-44
226            android:enabled="true"
226-->[androidx.work:work-runtime:2.9.0] AndroidManifest.xml:135:13-35
227            android:exported="true"
227-->[androidx.work:work-runtime:2.9.0] AndroidManifest.xml:136:13-36
228            android:permission="android.permission.DUMP" >
228-->[androidx.work:work-runtime:2.9.0] AndroidManifest.xml:137:13-57
229            <intent-filter>
229-->[androidx.work:work-runtime:2.9.0] AndroidManifest.xml:139:13-141:29
230                <action android:name="androidx.work.diagnostics.REQUEST_DIAGNOSTICS" />
230-->[androidx.work:work-runtime:2.9.0] AndroidManifest.xml:140:17-88
230-->[androidx.work:work-runtime:2.9.0] AndroidManifest.xml:140:25-85
231            </intent-filter>
232        </receiver>
233
234        <uses-library
234-->[androidx.window:window:1.0.0] AndroidManifest.xml:25:9-27:40
235            android:name="androidx.window.extensions"
235-->[androidx.window:window:1.0.0] AndroidManifest.xml:26:13-54
236            android:required="false" />
236-->[androidx.window:window:1.0.0] AndroidManifest.xml:27:13-37
237        <uses-library
237-->[androidx.window:window:1.0.0] AndroidManifest.xml:28:9-30:40
238            android:name="androidx.window.sidecar"
238-->[androidx.window:window:1.0.0] AndroidManifest.xml:29:13-51
239            android:required="false" />
239-->[androidx.window:window:1.0.0] AndroidManifest.xml:30:13-37
240
241        <service
241-->[androidx.room:room-runtime:2.6.1] AndroidManifest.xml:24:9-28:63
242            android:name="androidx.room.MultiInstanceInvalidationService"
242-->[androidx.room:room-runtime:2.6.1] AndroidManifest.xml:25:13-74
243            android:directBootAware="true"
243-->[androidx.room:room-runtime:2.6.1] AndroidManifest.xml:26:13-43
244            android:exported="false" />
244-->[androidx.room:room-runtime:2.6.1] AndroidManifest.xml:27:13-37
245
246        <receiver
246-->[androidx.profileinstaller:profileinstaller:1.3.0] AndroidManifest.xml:34:9-52:20
247            android:name="androidx.profileinstaller.ProfileInstallReceiver"
247-->[androidx.profileinstaller:profileinstaller:1.3.0] AndroidManifest.xml:35:13-76
248            android:directBootAware="false"
248-->[androidx.profileinstaller:profileinstaller:1.3.0] AndroidManifest.xml:36:13-44
249            android:enabled="true"
249-->[androidx.profileinstaller:profileinstaller:1.3.0] AndroidManifest.xml:37:13-35
250            android:exported="true"
250-->[androidx.profileinstaller:profileinstaller:1.3.0] AndroidManifest.xml:38:13-36
251            android:permission="android.permission.DUMP" >
251-->[androidx.profileinstaller:profileinstaller:1.3.0] AndroidManifest.xml:39:13-57
252            <intent-filter>
252-->[androidx.profileinstaller:profileinstaller:1.3.0] AndroidManifest.xml:40:13-42:29
253                <action android:name="androidx.profileinstaller.action.INSTALL_PROFILE" />
253-->[androidx.profileinstaller:profileinstaller:1.3.0] AndroidManifest.xml:41:17-91
253-->[androidx.profileinstaller:profileinstaller:1.3.0] AndroidManifest.xml:41:25-88
254            </intent-filter>
255            <intent-filter>
255-->[androidx.profileinstaller:profileinstaller:1.3.0] AndroidManifest.xml:43:13-45:29
256                <action android:name="androidx.profileinstaller.action.SKIP_FILE" />
256-->[androidx.profileinstaller:profileinstaller:1.3.0] AndroidManifest.xml:44:17-85
256-->[androidx.profileinstaller:profileinstaller:1.3.0] AndroidManifest.xml:44:25-82
257            </intent-filter>
258            <intent-filter>
258-->[androidx.profileinstaller:profileinstaller:1.3.0] AndroidManifest.xml:46:13-48:29
259                <action android:name="androidx.profileinstaller.action.SAVE_PROFILE" />
259-->[androidx.profileinstaller:profileinstaller:1.3.0] AndroidManifest.xml:47:17-88
259-->[androidx.profileinstaller:profileinstaller:1.3.0] AndroidManifest.xml:47:25-85
260            </intent-filter>
261            <intent-filter>
261-->[androidx.profileinstaller:profileinstaller:1.3.0] AndroidManifest.xml:49:13-51:29
262                <action android:name="androidx.profileinstaller.action.BENCHMARK_OPERATION" />
262-->[androidx.profileinstaller:profileinstaller:1.3.0] AndroidManifest.xml:50:17-95
262-->[androidx.profileinstaller:profileinstaller:1.3.0] AndroidManifest.xml:50:25-92
263            </intent-filter>
264        </receiver>
265    </application>
266
267</manifest>